$1$634.dpYa$QKUnNPJziudvfNj2mn7Rh0:zetina
$1$IU8.EKyu$saQrPBTLvwpTcmNhb2nkq.:qweasd
$1$EhA.bOeH$ElMjp1umsnfBZOF8LYvyn0:zamarripa
$1$qrQ.AC0k$MHZ5CL4wAP3tp7H8p0ufh0:trebol
$1$nuU.ncdt$otDbc/IWszOdXCzP4fEIL0:yoteamo
$1$a6c.TjhB$RxOrT7AKkanPcUBOmGiIj.:cascada
$1$vzr.erSY$kvY9w0s8ELicqrLayBeUl1:jeremias
$1$U5G/agmu$BZiMi9oi1lJs.Yy0KsjgA/:turcotte
$1$QEG/P09X$gHXiR0iholORr1NyUu1Zo/:porque
$1$HhN/toWb$XLG799FLMBzcMfdichsqD0:welcome123
$1$s.c/0EfT$FJ.GNjts8A4XVuVEgHgga0:vergota
$1$TOf/xCpR$0RnYc..fEkCB2EFJc/6Bx0:ricardo
$1$g5n/ccz9$6ILno4cf/QTLYOBH/0DU11:garcia
$1$KIt/ZZGh$RNWmih517xWkk/WItwthw/:aurelio
$1$kox/5qvG$x4LpyrBST9nH36oo7NfJH1:vallejo
$1$.E.02XVE$mKalgsyIQsrSIxiIrEvFe1:blasco
$1$Gc00Arud$nHmXfXyMQV492OudUSJvh.:789456
$1$sV20RLlQ$KLkqNEIeD9spoS9IX/KSt.:juanita
$1$Pv30svUU$sjBSEHG9VOWLAvc.iRS1M.:vitara
$1$tRA0.kob$ngi.l6V5AV/jyY1zyzHDe/:valentina
$1$5aB0CO7p$73F2E/aZsVjiCHLOIc9Un1:thecraft
$1$xzB0n.Dj$4YOIjoBuwXE.epTdzLZ.G1:ulises
$1$I6E0ORpV$HaWgk4TR01Qzw0iMopHqA0:theboss
$1$UVZ0/SNX$YfUJ1hSEGvBKPBelKaR2b.:teamoarmando
$1$zKl0tAau$z541m/7bSwJ.g.DyPMlAr.:victoria
$1$U0n0.AxQ$kSTcvJhwHdBiHyTJdy.R2/:sudoku
$1$rEq008GS$HaHNmBobhhMTNFuFiCH3h0:florazul
$1$XN01xt65$UaomhP6ydZbcgZLjsX7JC0:mokito
$1$DJA1XyXw$mCsqkgp9.3del6XRW.BLN1:jajaja
$1$YUD1RRUF$OcpzAj.fWOah7oU4yywGt/:piscis
$1$YHc1PcPi$zy8eDh0Hx.UaCNliJM1qi1:vacaciones
$1$72h1M9iV$Q6lfEfbnQbiWQ4lO8iTDK0:method
$1$pkn1UeSI$jy5LIMmob/LdhWItD9jDv.:36633663
$1$7Ur1jMef$NlcJ2pybd7s1Sq85xe.4t/:poonam
$1$plx1R6Bw$UO2eXPWRyf25aT5Gu0GRF.:iloveyou
$1$lMy1ry6/$vXZTSbYyH6oovgOwRU/7m1:yanina
$1$PXy1mBxe$qm9.66qtL1LwhAnHRZRSX.:valpal
$1$J6z1igHT$FqsqU6joVUJOiNkY8Vlql.:master
$1$sl82dNZf$0VRTylEQ9sTqAf9gSG2T5.:toritos
$1$dTF2aJkM$FLLZSM.LUBCEj6nyqeHPB1:130880
$1$alM2Jddx$GzAdxmv0tg31kbAdcWYYY.:antonia
$1$6jN2ofnq$s2e2ajj.UoQb7R9Ud.r1S.:carolina
$1$C.T2.TbY$CHfqeMG9DkChN0aoH.SRW.:windowslive
$1$tzU22zo.$ZCHzFm8E6QKoQ0h4FAYeq/:fantasia
$1$tbf2n/65$bg9j0t6VkOW796785iiBz1:123456
$1$G7g2rfMr$mjYhiaOk2Ii9pFMRxGyOO0:valverde
$1$MWm2DD3g$Mb5G1XGLQSdH1jBn/nlVY0:verynice
$1$MWu2oa4z$LuFG7DW4JC1ce78YKv9hQ0:guadalajara
$1$3n/30N4.$JjaG8LORzvrXY3Ce9WI5V0:tutito
$1$wE13GEMQ$uTo4WjH42XrFyoUxmQMlG0:110466
$1$QA23JVI8$tLDO10bD9A/DYFYMWSPOD.:andrea
$1$t063ljmf$LgdQ4pblyzMtwPJ8MD0tC.:wesley
$1$Z/735naZ$aCqMx.Euu8Ne2wPb8x0e20:gmoney
$1$HhB3qkyJ$qjzEG83MmhTVei8UhJnGQ/:caracol
$1$O8J3lMqf$VvE7g5eumZOpIOSo8sXXr.:mariposa
$1$s/e3EbGv$eurxYad/vmF.Zq7pJXyaC.:mccollum
$1$w.k34y.K$ZORfi5iqvR/cwLGc6ruNs.:amistad
$1$2Ls3x/ca$nirXvBJ9U1Gh2hY/wrIBz/:babyphat
$1$9x/4lm10$TwJkzLOgLJG8e02ebT47C0:abuela
$1$DA34CRGx$QW61MtjWwf9rbXgjCdd0S/:pelirroja
$1$aIK4z9AX$z5Y0pEJ4HPoir/66/KZgq.:tierno
$1$CrK494LS$cmcESCr3yrXSI91n984cx0:lupita
$1$/uU4iod3$lnK9PFZKpucHw1ebzEP6y1:yamahar6
$1$kSa4hZBH$3hH3glM01O7Tcen.JLmhW0:soyhermosa
$1$Kon4b5C8$.EBxaYCugd1EbaVDyFadm1:trabajo
$1$o345Xk05$wqIOmv3DaF5eVG68OR7wb1:cleopatra
$1$rOK57rB4$mqMAtau64ZrgGgKwha7Lt0:martha
$1$BsV52Oci$rmSTTvafTfJbV6jhnndUt.:pericles
$1$M3a5W/S9$GcYxnxZtms9BI5/yDYuwn.:timbiriche
$1$sOa5WMPl$AsHQubeO810R2r40XuMyh0:angelito
$1$Sal589RX$Mh/Jxg0UkGAfHyn.Mpudf0:alejandro
$1$b8/6Q66s$1wE9llcoYHvTu3qqCtVTc0:eduardo
$1$5a16xgQa$GQxDW7T/q9vy5eN4AJyFf1:finisterra
$1$pJ365cdK$7K5AyQWigHvuqLG4hCa3T/:yomequiero
$1$o9L6Wr4b$ITgOFCbxszDB8KwwRHr8H1:diciembre
$1$0Zt6vcOj$jp4Yi0U1Qrsk6TEnxDg2A0:titolove
$1$W3Q7PM3c$O2dOCyiL8LHjf534LIhMV/:veronica
$1$HBU7IqJP$n8HzvCnHeImy71AaITUdN1:mexico
$1$WFW73qOC$BSA/TM8tecr3tbKDmkBxl/:yahoo
$1$Bnj72nMm$y83rIZqqc4/5wEVv9q1UR1:ashleytisdale
$1$k8t7MWyG$uY2y1yj5gHLJ5llMNb7Np/:theking
$1$qk/81zHM$O4mjPUYdPCcI.6G33LrQt1:wonderland
$1$.NC8A6fp$3UgoPCRd1ewYgXw7NjaDw0:xantia
$1$feM86kSo$nYFtlFJ/Hcy8r/FXTo78H0:tabtab
$1$ffW8OkF9$CGCOw5hRA6ScKtRaF0cDA/:sakura
$1$W5Y8rVzA$dswnDDcbfZ051zfZjnOFt0:tequiero
$1$6dy8HIPs$SL9SMsuznb2dhtAsI/H1s/:robert
$1$Ysz8xeo4$KCz79RXFWUr51S48lTVyS.:tecate
$1$jj19bZWZ$SYJbuljbuZPMY464B9Nts/:argentina
$1$mO899plr$C3sS/1lvsVvUEyFUmhU7./:slipknot666
$1$kQ996ctQ$RYDvGvOrgNir9XVbczxxj.:gabriela
$1$esD9Nx4I$R0EcY2cEdKTDyXHJlPRIP0:tekiero
$1$.oJ9IzBJ$skL0OxL95R4O2YsO4wkKE/:696969
$1$yWS9Yvrx$Tiktd8osOcS0KIwtPg33U1:conejito
$1$86Y9qqLO$ENzXENfK26ghAjzFheUTD/:estrella
$1$YxY9OXqb$n8CJRh511Dw0PAJEr0Sup0:unbreakmyheart
$1$uSh9p6Nl$TYwrEp/kGa0wiuy6EKxW8/:zabdiel
$1$n3y9JLdP$X2DrXIF2W.7Tw4zoMJHGY/:daniel
$1$Z5/AC/LG$UXaUGevVqkBEPYPVr1Iii/:yayita
$1$mE/AH6lf$RovW/bcdI/sIKNtxkmp/d1:benito
$1$yd8AFgga$4LK9HZXmNXYnHAH4MfMCb1:santiago
$1$0fDAo1of$KgFmnwCm70ZBE1djz/lsr1:realmadrid
$1$KWHAKJNY$diKmq7x3nw2enWDQSLC2P1:julian
$1$9QIA838x$iMk9lfEqeB5ZrM9YHoVsm1:isabel
$1$qkJAcbeR$bSTMWNvNMZg9fQEu61G830:zxcvbn
$1$X1RA95h6$aqi/I3KI5MipXAVQittRW.:256879
$1$f.bAmhAS$vETMgv3A5L4m6DO7CVrKw0:mercedes
$1$.loA1Jid$4g538/3YK3SnWG.UH8Upk.:321321
$1$EcqAivjB$cLvJANONUzXgAcVsXbh9b/:jupiter
$1$t7sAgYX.$ginAo4c9RGugfZrsM0m0A/:soledad
$1$fusAe6Mz$Fz29VhVrVsu0uqCxG9AOZ1:melicia
$1$vbuA4AZ4$T5AssHLq1lqYELby54EIU.:amorosa
$1$tyxAcM6k$OFaigtG5RI5CU91wut51w0:tagman
$1$SPyAXUM7$7F2CaOPDxMU.HIdfW27MH0:grumpy
$1$Mi3BA.Xh$c6DIRNuTORLEFbDRB6Cdj0:98765432
$1$S36BGdfj$ZQuOPE8ra4x7DcqLH1kty0:junior
$1$XLCBnQFV$JJlBjaU9FxTic0juQs4RU.:merida
$1$6qJBq0dl$rM7gSYZuRLX5J74mf2lll0:ursula
$1$g9RBiaG7$KuAz6XcwmOZzCbvz0BODT1:a12345
$1$Z8SB6Lv5$PRhXFkYtt5EiUX/omjq161:toledo
$1$/0rBnuO3$2pjg249HPDCXvzs8Jdig31:alcohol
$1$mh3CZ7mj$7I0eMz8bM4B2V1f8u2C.e/:tatara
$1$NSACHuRB$csOuf4xYQk3HgQ1b.1HrR1:manolito
$1$lMFCmZ0b$6a7S8vIPoejJBVMdEWDld/:cachorro
$1$64HC9lD7$Au/oqFy79mMQbnhNoFJx6/:vacasvaqueras
$1$pGPCjPFU$Es0YPDix6mFDOI9D.gciX0:lorena
$1$FvTCiyic$7eaJFpbPfGd.3eZbiARnd1:contreras
$1$fWUCHLzL$bCei7CDItjWl6LTi4svSt1:tigresse
$1$qGVCeUP9$nWffhd3kaW/jHIxvMQt9C0:thedoors
$1$xpVCc1Cc$Im8wmDYIVrORlJ4ghdpfQ0:bombon
$1$JWbCc5ew$7dpN0L2cqCUT6h96jHTlk0:justicia
$1$FQcCMWtw$N0zh94yK1ZZgxwLJ3lUvL/:daniela
$1$98jCSCxr$qPA8X2S6dQnPT0v3YK7YM0:tuvida
$1$eGjCen4O$wI0qiVtOsKjo0jWCAqTfR/:vianey
$1$.aoCrxv4$eyTM.6zKy9ZXokkbp3GOL/:todito
$1$VjpCT5TA$gmaRizW..lGwv92cOJ8Wy0:1987
$1$Jc4DhR09$3UB3ejtraMDLmUuUj39rh1:tamarindo
$1$yF6DZBi6$CA5rOzoSTVwioSyrxaK7E1:yosoylamejor
$1$j2ADtrcl$kNHmDb2IXTxqczIdiN8YW.:vinotinto
$1$NfCDBVye$2ho.SNGEcYhz4zh07H3ml0:tolosa
$1$vxCD0b5V$C2ncNz7/vX9VuPUc0QYl0.:hermosa
$1$59JDZ4cr$rEyo3AArXYphVnUwq6YS31:mustang
$1$PzKDbsAX$LnWynq/lw59hhCXrs/ukz0:10203
$1$FZQDNfMw$ySb84AyniTmkxHX1c1eTk/:mallorca
$1$UIRDyRGR$LJhouAMBVPj8FugOc./B80:ecuador
$1$KUaD.8QR$PD29HRb8I5Q90YegjWE/1.:nonono
$1$cewDpjDl$1rAIt/w7C0iz0eQvpcHKi/:1234567
$1$BgyDjtQl$.Xe2JbWFxHiDi9VVv2cpa1:260401
$1$I30EF7qj$xMCWQfaTvfq1jvM8eB/JE/:zootecnia
$1$P69EX5qV$z/4yV6wq0CNDuyr0hSx5a0:654321
$1$x6LEvuGv$yvOGF4jOziEnv06cVpLeZ1:enamorada
$1$//SExHX5$9Uhlk7i18B/8BBEFklHbt.:tinawina
$1$QIUEJSlG$E2psA79fiMifF7/bPA4yF/:369852
$1$.EYEI5O/$.GXX9sAUThyqD.GPmVGhr0:legolas
$1$pcbEJHZV$irxS1YmAj66IIquSsyGZI.:benidorm
$1$XmfEfqup$LMJGwbeQWe.2VIsnDqREb.:xxxxxx
$1$0urEfLZ9$b5iPWtu6hymc8GwOFh48i0:tichou
$1$vl1FCtaj$/i3MUVo7Tgd8zyoJyQFVI0:hotmail
$1$9lEFTgHz$KfSATgBA3NL512Pmy1jeL0:pirate
$1$zKLFk6xG$HYgalNOXaZtJ8iempxy/f/:abcdef
$1$DVPFCteE$4Fzb4fXTrHvHkA661o..w0:ihateu
$1$WYZFASS5$LKh3SDr5s/0Mmwxr1waHO0:megane
$1$yqaFz4Yh$Tx2VdY84P5xxgu2aWGTme0:requiem
$1$7lhFJmRF$ky0Zcuw131urylZL8Y1FU.:umbrella
$1$niiFsg5T$WA8t1yq3x0bWavwTeW4hg0:metallica
$1$NHuF0yIN$Y9/TtXVQE4iHkznY8d6HG.:washburn
$1$g4xF5.S6$OhSUJjqlJs07uU9eamG8K1:tepeyac
$1$WizFq/8v$MUWb4NjDS/zIUjF/z4FJG/:isidora
$1$QA.G7Ftj$oxZAVTeYFq24xepGO4Ox10:tritones
$1$Xv/GhChC$CryFXLW7TOO6rULgbn6pG/:coffee
$1$085Gtd2J$vXs2RD8UfVDDzkUsJGbWP/:wearethebest
$1$sQ6GR.qP$3MUG692wk3PzQ/7IPuQUR.:cristina
$1$3kSGhmj.$xpyHRHS6wLxTo1I1XR4u2/:adidas
$1$THUGieAE$0g01jmOw8UwynHHW8rBbY/:zapato
$1$SJgGIoWc$tuQF8L6Vuw6pokNJ3oZxy1:333333
$1$/EmGZiwZ$7dgfI6sWRRgE1ZnEY8bCx/:280279
$1$l7oGKN7j$AKVN8pRuNpB7z.LrOCJt9/:vargas
$1$OLoGNlx1$OwgCSoTmS6ukk.Nf6E1vW.:manuela
$1$.LtGZbEg$C7NSSLXxOLD0GNeDGJRh00:13111981
$1$ZsxG.SuN$DJatFKoHCVTgrkRZBW9PO.:zacatecas
$1$vqyGYucF$7PYGvLYROE1t5CbFzOA2g.:sandra
$1$/k/HEgdu$dgR2U1BuNfPd4z77doG1O0:159753
$1$/bFHzuZ9$Gv9e96AVmiaTnBSpSjcXp1:aristides
$1$/tFHlkTm$HvOkb2pwEdte6E93RYMHj1:coquine
$1$W8GH51Ko$9QfSxRZsXMdKk/KSMjnsE/:emmanuel
$1$GwGHRtsx$VXqOIzDzB7rt5hBD19vwL/:valeverga
$1$LxGHZqRi$BjaWTcmdckyd6kTtgQ9CF/:tekila
$1$YvaHgIpg$X9nIHfQ3FMFRHqZ2D7tFm0:wander
$1$5ycH97L4$YD4V1u/ggkT8myqQBae/J/:greatest
$1$G.mHzrEa$liIww81VcY21Yuzk8R5V0/:marina
$1$GQwHFV/m$ZwtDDB/2V9hk5cE7/Pmz40:axel22
$1$LBHIeJFT$DgeE.e3CfUFivJiOYW/tk1:arsene
$1$/UJIOVVB$/IRsqbC18r9VE7XbFEyJu0:sarita
$1$INLIqTyN$pJDrNNqlsOHECnmgHcQiw1:teamomibebe
$1$s8TINoWv$XB1sTdiGieqKNusIeuL1i0:roberto
$1$XIYIRSyc$64p5EBJX8fHRFs1QAD/nF0:huevon
$1$gYcIody8$SEl17P9RkqBPFJ4/rUQ4N1:felipe
$1$16eIJjJd$L6Qb5Hqu.1SS7G1DDsGmx0:yanoteamo
$1$zJnIvVMU$6D7CeiK79VL2XLbkd0Zzu1:messenger
$1$1evIRwp4$h.W9vVm4SU4pbkkLahpVP.:valery
$1$ArxIIhJI$k4FzIVUQ4Ty40FHKMLOkg/:miguel
$1$ReyIx2n2$8tbnK7JoRKH6wAhBCQqJn0:tricolor
$1$J41JcXvG$K6EU46JBYWzHPpMcr/JV10:87654321
$1$tK1JwI78$j4e68Xpr59wpGFxDFR0LB/:121212
$1$BDaJ5sNH$24f7dw05nX07zSSNfXWiH.:cocacola
$1$28nJ0SF0$yKEqocVEMiU2laZv8H93D/:wee-wee
$1$AAnJBmGJ$cDVL6VnLUWfWGhQK0LYAZ0:696777
$1$VnpJX.3N$hD9ZQ4LzdBvBIIbmr/4ZS1:unicef
$1$4N4Kb/AQ$10phzHS8SEJ0GnSliGljd.:veracruz
$1$uaYKGDl2$CC.AiU/UNiAY.cQ/8pbCH/:teamo
$1$ExgKuQ70$h5shM8mV5lkQdo94nd4rM/:alaska
$1$kAlKdwLS$KBunKKPMXQH3NhE1TnVG6/:12345
$1$YSsKt7hA$eWck.BGTFeL1rCn04FWrb.:morenita
$1$xkvKX7Ju$HOcGh33jXOGmAqqKki0IY0:teamojavi
$1$VwwKk2vM$VnUPzSGB8F3hnF3GbZ99T.:yomisma
$1$kp3LvhoT$B6jPh.h9y5Chx/SdiYt6Y.:telefono
$1$do7LzxHl$umsD3fKKdLHi446wNaNmr1:zirtaeb
$1$l/GLF0Nb$PKAtjX7/EE5Hjdko9nQwN.:adrian
$1$F.ILTKl7$3L7SDUt4.infxRz0dY4gk1:margarita
$1$.ZJLmf.I$5/R/QUU9LkbDx/qcGVQjN1:winniepooh
$1$pZJLyrdv$rYD1DkDBKmbIKte7P.08k1:asd
$1$.JLLO778$Ng1hGj4IecUKHwlKSFvdn/:ultras
$1$UfLL/lQJ$rYiavxm/mzG7u6YwcwYfB.:qwe123
$1$1NMLFNdT$1gB9.kFWzddZ3rddVy5m81:carlos
$1$OmOL5nt0$UgRKvpXYTLGgFSm3aZq4w.:armando
$1$hkULP4Q1$94SggUygG8v9Xgx1HFjej0:mamateamo
$1$DidLPpsE$ph/QgBo8uY0SIYriHh4Zn/:130478
$1$X0hLmPnB$FP.lGDo91bLK3aNlY4kC71:rosita
$1$CKlLQJ1t$R2aL7U/fP0AliYPQM1VFR/:181284
$1$iDnL4U5h$9aQXugtBSW/LZZQUFWOUi.:negrita
$1$lUnLmKyK$HqJn4hsVXdk/JSrZ.DZy30:arquitecto
$1$nH.MOEWX$TqrYdHA5J17tfHQk2TESA1:yoanna
$1$QJ1MK/sr$.t5ULVuKoLonumTP01Col/:martina
$1$2p4M..GO$MZHA73pOBfqLxTzvZdUW4/:webcam
$1$WkXMvCz4$kP8Qbuxd3yiRfUUPKQsaD0:underworld
$1$NFZM6khv$hHQGlpZCFoYXftez3/yFg/:sabrina
$1$XUdMYfIt$Hmms/vD5vwf8cl6HtGJxT.:lidias
$1$FPjMSHLC$YXRZOUW0V5CoF/F.QiaqY/:ximenita
$1$AQtMM6Q0$AbI03NlmJWxrImIJd1OLf0:thepunisher
$1$LmPN1Gt6$vYe/Flc1e6NfUjAuL/tup/:carlitos
$1$1bQNwk2V$3eIXjcJN/YsweIG0UpGjj0:turbina
$1$v0VNUMiH$QHeowP.rPVXqdTW/gmh.x.:yisell
$1$oUVNw3sq$.v5tly3jXIkYWFIfo/Z/I/:zzzzzz
$1$.CWNPxbY$IznuK00EKROdtHLnVnvjs/:vanguardia
$1$hGlNIj0o$uQMB0IdI9NCZMOIlazYin.:1
$1$24xNRD2R$HpgjGacvy8meyB2ithvJC/:septiembre
$1$fm.OuDY2$n.k9BiBpi5SCcZopt.cHO.:241101
$1$5Z6OMFIy$S5i3ZGJSOgDIu30pMF9FR1:pavilion
$1$DSBOCAms$h0suRQJ7C7.tow.TF/4iE.:viande
$1$KZIO3hAq$HJE/kt9u/U2gxe4sExFYM/:tauro23
$1$arVOGyi6$SSxo8bRwVYcKv/Gaut7j6/:ignacio
$1$GlWOU2xD$znGa3OODDZ14aMVOxLtND1:bisounours
$1$TBeOF0dh$Ij8qM6c.8yh8pYeQnOQ11/:password
$1$VugOMIEC$FCPpC3oGZaHmJduENBG3t/:piolin
$1$SuoOak7m$adCbgd68aBenHZKX542ZN/:xokolate
$1$/ypOOLWO$6gIhZ1d2s9F.cjK01Os/e0:fernanda
$1$cm5PB/f5$FRnrnjrWrChLOR.nNvqyh0:elgordo
$1$w26PvYhQ$PF6kn8qyJ9huJKMCqYVr81:tomcruise
$1$kjBPyVzD$0e7qPzM2uGV5gH.crDN6w0:mongola
$1$VIHP6LlC$jtqCOMU5urJuy/N/gYtyw.:luzdeluna
$1$PqMPLsTS$pHq5qk.7syB3krTBVUsWu/:111111
$1$/wtP6GhN$pJWYrQO.7rfb.yN3lhF/V0:cristobal
$1$BEuPrQTZ$iCqTw/4KMmzshU77QAH6b0:myriam
$1$frwPHzZf$xRDKpofzk7dTtP8cpblE//:zapatito
$1$SkyPHLs6$IqO262web25A2L1ga.34P.:dragonball
$1$oR/QNwfj$QqdyGkOgOwy1XDNEGAMe30:barbie
$1$XI2QwMfU$AzveBLFYqNiRwgBFYh.V11:carpediem
$1$c9XQgADI$d7gRXlq6v.Fl1IklVxRBq/:wizard
$1$kDpQnkMs$02xSJblBnKEAb3bUCWc5a0:romantico
$1$skrQHDfT$LtFq3NwJjc1oxFZk57EgL/:tierna
$1$/u3Rc.8E$gatBpTxyaI6tQuIuGbr5Y1:diesell
$1$6v7RiGpx$KErVt/3zCLhpQdgUSWmJN/:toyota
$1$WFKRmVlN$vgn6rMoT05Xr4TgxUfXWH/:caroline
$1$HTKRiUKw$kg46X9Mwcyt6nd2WD5B6I.:guitarra
$1$VkQRV2ot$xdCcXLHosrH19WXe1er.l1:tinkiwinki
$1$fCTR8oMg$3tLXbnYkWe098wYfR.iav.:marcos
$1$7nURZNmw$SuGOhvKjUDrxhbKO40Ixg0:241434
$1$GMaRiFP7$jBTpmNmMgkvVFXwSw9iM81:violeta
$1$gehRKd.6$Fh/Yn/33aN74Vue4zrW56.:vertigo22
$1$YkhRLJCB$lSoAYj2ppNwxyXQbM0qB8.:amorcito
$1$YnvRhnP4$CZgIkjikvKG.tw85UFeZr.:templario
$1$ulCSvCNH$aXR2CNlGR51chtT2EvUaU.:7777777
$1$tScS/JkS$EcqoKn9VW1/jLjUCrJ8221:jorgito
$1$mcgSjjbh$TggxHHlziOZwDhXSvLfck.:123456789
$1$YAjSabDj$hSBbSqQSlqEUmSxB8HRj50:rafael
$1$h0pSrtFJ$HGSVlU7Va6HSKnaHFIXL8.:tazmania
$1$9trS.pwH$E5i7JEpiqdMN59vj8u1Kn1:pasion
$1$i.1TNcVu$P0QWUOF3Yt2XnjKYMB.ib0:juegos
$1$8E4TR3eb$uAL/EKy36boOq.78h4JQW0:melisa
$1$j86TRKLn$p6AA3rz0Y2AFWK4bxECyi.:teamotito
$1$iEBTfgvs$x3H2yXSpnn943gSyB5PM70:welcometomylife
$1$J0CT33GY$GC7Tou6dnxHEbLnhM83kW.:joseluis
$1$QDDTkem3$LW3oUml4rtFxYVSFMdc0T/:flaquita
$1$sOJTnpeE$EThUhtXixEgqWUe4SupR5.:69696969
$1$BSKTNl9t$17R06RdQHxJhm4INPgNNn.:universidad
$1$ILXT9l/t$01v4bDycWuZiPpQiY344B0:weddingday
$1$q/gTXda4$NPuPuThbABhGj69LwAXKY/:june1097
$1$Q2hTmLZB$4cRs8uEzFWYkmHeNC4jeq.:amayas
$1$Ki1ULV7J$p33/Xz4cKWwMBjOXRGcBk1:chacharita
$1$504Untfp$r2yJEZy/xcwLkzGyyZc7z/:teamojazmin
$1$P0IUbjQI$yDY1WwZ.GbIiv6qD//Njk/:tinker
$1$T4QUYwWH$m2Bsg6lqCFLaWAX/E0zm40:therock
$1$x4VU1hah$6wm8N8RMNip9Wz2hR.Yw//:alejandra
$1$fiaUSy/b$8X9XBJ9JCmsm7lzJbgVtX/:asdfgh
$1$c9qUQlxz$.A3AsI23fo3k/cCAY8GGG0:javier
$1$CexUxoxj$QG9ikYMVn8YI7u6h/eXvU.:princesa
$1$N17Vs8aW$s1YCYfq7PnTvkTxw3w2RV0:libertad
$1$BWNVRJMH$7IcUE7KRKSoYNlTdPBcJ4/:petalo
$1$dORVoRoP$b2DqRY9YQDlUm6yc9wMkr.:ternurita
$1$/DSV0byI$e8eAzIQz5z.UjW0LM9xGh.:natation
$1$d6VVDzwx$zmQc5M.NWQGFrEl5cl6te/:giovanni
$1$4DVV/9k1$OHjNAFKX4aZKZsb2bFWel.:willow
$1$XPXVG7mo$9mRprMT0hUlFKspXVx3Ty.:pamela
$1$Q2ZVnnx2$fj/m6Wj6T.PTydh1kUpWs1:unforgiven
$1$uNnVlzwQ$2A3g5MXHV2fYMucP2ixsh/:window
$1$qDtVLRR7$9oJ6pJK8EzxbTrCTYpfhh/:izquierdo
$1$gIzVeHS2$uGPyq97D9BiM3THeVUavC1:ximena
$1$AZFWvlaT$BypYHe2JMsG8m3JCK9IHB.:arboleda
$1$0xJWRDwo$fHqviMZwqZ32lyQDDEUSL/:samsung
$1$FaaWs98P$gKXEf8ooaMZui8TYIDtiD/:gratis
$1$.BpW9KUk$zYx1wmwTnPzUJX5WTvJTT1:milagros
$1$7MAXXPLO$Kr696idPE6Ov0R1jN8rUi0:tataya
$1$axKXargV$9zNzh.3d7t.a4BiKyvvZc.:tomasa
$1$I3cXGGVl$ixBIGCoyeLs9qEEyms.OO0:telefonica
$1$ROlX9gHv$QFf9GsNIHjUtEOfs/8Pr60:cristian
$1$a2nXqZQj$tBbhsUTeLnippGzYuqgJa.:yahaira
$1$K7pX9KBR$870YIHVw1aDv9IeDMbsmL.:linkin
$1$DwzXWJ6g$l1PGbjIaPviC7DCOdq4/s/:delfin
$1$4Z7YG65X$uUWSMAQQpc35yjVkjqhYF.:tierrasanta
$1$daCYOhUv$KlNV.z0Sx/nC59KsQcJzc0:tequieroati
$1$h/EYBNUu$6iTDk1.srGpGExEJZYluO0:abril6
$1$6CJY5lTd$msv35E056.SWDfbVDBdl5.:noviembre
$1$W/PYjIB9$5mozaexL3psQpeeU333eL/:rosario
$1$8YQYXdhQ$ZcIg/FlTTuJCK/9eNhv441:yessiree
$1$b9XYeXy5$pfkB3rtPA7aZAOiuID1sp0:dolores
$1$7UxYgHAo$ZWLGLMCeygKFRH1E7HFQq/:betobeto
$1$ilxY4jLk$j8vYCxgL.5xdHVFBIb/MF/:kevinn
$1$9g.ZMwzj$XVgfK/oOxDtagtAaxRtSg.:pokemon
$1$R57ZPKR4$EZbrg/0QgHQ6ahDFV8b/M1:taylor
$1$pIPZyXLO$GHZ0hFMz5px984easXq6y1:tito12
$1$DeVZ0XTw$7wVfK1cbz60HCvNxWxyDh.:121980
$1$I5pZZEZU$MdCq9aMmAHbzeCtAmg0lf/:perlita
$1$iZpZnNLc$ZN5sr37SHH0he/NsRwU7f/:arquitectura
$1$mJ.aq43s$GW5FLQQOsFfgOS9i4HCzd1:adrian03
$1$n82aSQSZ$lhhlQKjPkqLKVwcoxAp861:amigas
$1$uy9adm4Y$v4dRMAbIuA89C5mcQ9NqZ1:888888
$1$/PAa0bH4$f8IiPBXwgR7q7Bs78lchP/:uvwxyz
$1$dhGaz42y$HlzjzTQ79699c5pN1IkII/:vivala
$1$y0KahYjI$ohqytUl768fI5TMDjC.a//:verdes
$1$nMWaeB1m$EIqkyTZ5JNSLIbCYW49VH0:252525
$1$f8XaHQAO$YPmP.ggJzNlCrA/a4cG66.:20202
$1$gNkaH.IW$Vz/54nCL6a8MfXVzAeVbh/:torrejon
$1$JtpaLVwr$Kp2VMYPCSz2N1wa1Nfbli1:taurus
$1$ZKsaznHm$J0dtHCuGHcrE3PAEH7NTU1:ericka
$1$Cuxawa9L$dKKFaBWV.S5vDrGIDF4x51:unodos
$1$I1/bHcqe$JOSZ7bsU0PVi/15MNvfq20:popeye
$1$vS/b2AQ2$RR.rVzIgkEoFcaAAtY8Hy.:88888888
$1$oD8bfyv/$hk0RKnNo.vBTPlvU2wnRK/:gatito
$1$1hBbOmHZ$L6QAUFWaFF/GH9Q9DeDmm0:miamor
$1$ewCbIr/2$GaBEfzZYhDACkvWlXWtU4/:161718
$1$1vHbHL0W$DnbeQdelHPZztNDPj0F0j/:tlpecqmf
$1$ITUbOFyV$aEUQaEELtQuhdksPvI6Lg0:262626
$1$ICpbM0Ot$quZ6EGNrMi95Lu9yX70GY.:hector
$1$/Hrb8fxi$yD3HLOw11Ql2hzDxwi/VD1:torremolinos
$1$e03cnLPD$a4.mF3kzeHmV5TZp2q5tJ/:twiggy
$1$Ct5c7omK$jvQEmtU6r3qBclUxOnGra1:agosto
$1$VqLca9rh$n06KozCaTLaaW2SCQOj3b1:patricia
$1$0tNcBTah$p4V4JtsbepnOlvSW694lC0:29111983
$1$nvQcxxaZ$2Cu7iHF46osJZB5TBhqOM.:jamesbond
$1$Y/Rc6TT5$sp8ObyPlD3269mkpfdTlh.:10586
$1$9IScLl.T$uFLjbN6SMaLsb8wmEA/V30:tatami
$1$zuVc4Tjz$psTFf4XIJD.vkqOKuVNU8.:escorpion
$1$YUccaK6O$N2qQ38JruyQnfuH9clpHn/:180688
$1$cjfc6IBg$1BRYno2mbwVAf9nN6ExIo1:republica
$1$K7rcb0/6$6o7i2qYqQktd7yFtY2rEO.:camaro
$1$Fs7dpU7a$pSEaTXOf/ucvGF18KY5ZJ0:felicidad
$1$cjCdp1rp$odSPQ17N7ugggX/UPQBJD1:tomwelling
$1$zbEdEbdP$W0iemeBl5pxdzSqXizvzl.:victor
$1$upHdl8JF$WxLGZJCp2MhEzaI1xtnIy0:yaoming
$1$r7Xdw19t$ksucPODl3UmjoLH6MUYEu1:gabriel
$1$l4ldFa6u$pTEBcUhA54CUTZ2/t3wSL0:williberto
$1$w/rdjjHM$ipbwmIMXA7MCeeD2yzjZy/:sebastian
$1$L05e9pte$BY98uiDKrKEI/LM5rp9Er1:londres
$1$2b6e1Sxd$0L7.Ayqj.YDPk6/yhSUWv/:tk-421
$1$GTDeIbLR$1./mookg29g1s1yjUl5cM0:multimedia
$1$7eDeH7BN$Jg2Q3//3TcMT/HAeBPHCr/:consuelo
$1$EEGe.ot9$7V3Dz7.vszKBx0NS7QVcY0:thebest
$1$3NMe/SNR$M/M2B.GNArivyfNvLBBo1/:villavicencio
$1$emMeElPN$oHGKPZGH6962MLZP.A/LD/:unfaithful
$1$ipMeb8rs$zz8Zul2UjohcHQwTto7hn/:merino
$1$uIee9FC5$.2R9O9K1QVgpp7y8sVG4e0:bonita
$1$q2/fNCZB$2NWrxeLjdU2X3PjxDitWj1:arturo
$1$nqPfgKRX$bEbhauqFURO7ZOyYkxL7H/:zaldivar
$1$VJgfG6UI$dty3qKdTvKn1zAXfXOoWi.:joaquin
$1$uWif.H1Z$W3ZRNMdCVpwXaNDCdnpxI/:vegeta
$1$j3jfi5ez$.em/iTQLeDxrZzggtfv6M.:vivaelrock
$1$UmofjQ4g$ovG3OGPOJ702CCc0BXfcx/:tiburon
$1$bs/gwZGL$Fw5Ikqu87pI2V2VwS9EJ9/:topazio
$1$BBBgbMV4$sbY7RFx48rLIs9jgYmlws1:walida
$1$i0DgbS99$lhslmUXcCQ9cBwPJmG6d50:paramo
$1$f8ngSWob$QltPoAjsDfj99qLXkHQux/:gibson
$1$O60hjdWc$cfFj7fSVAJDkAfNePaYZf0:watthefuck
$1$ztBhh/d6$Z5dnarnVbgkeVZSFhF8Js.:terminar
$1$TROhdGIa$XgN3zHR81ZNHGp69hYvZj0:nomeacuerdo
$1$Y5ShQltC$JY42vRsIm4fGR5eGkbeFd1:pretty
$1$hWXh/Fdm$TYK4J70TDqgL0m4ydPZaC0:caballo
$1$Irhhd6yi$gMI2dhEtCO3iKLWsmuGiD/:tenerife
$1$hHmhOFir$sf6I2n7YDYPyb7eN2SAhB1:ronica
$1$07rhv0ji$cIFcgOGeCaEfGE2YnSKYS1:marihuana
$1$Sq3iJdwb$xzHWLTTJVBu9BPu9xBgua0:adonai77
$1$9g5iO.5e$HkU/xwp6tvODl8wqn9eh.0:vibora
$1$X4NiXecx$YNuNSkTjUG7nGEt.wZ5TJ.:vriend
$1$HfViN7Na$mmHlrP0m4dWeNULnQVAbT1:vietnam
$1$rYWiVh52$e0fgMiG57M9SM20z6bxXQ0:wamozart
$1$NZWic3Gd$HvNh6znfzyXFysYVHP9Iq1:tivogliobene
$1$kKXirOVj$QyNfAmIbKW7XuKCj7tUtN.:12345678
$1$krgidvut$nyITRmWEW/8Qfn.4UnMSS.:divina
$1$q.kivkGV$J4l.3L2kapxmTkRj8OPZv/:juancruz
$1$EPkiCCzt$ahqsFfUuDeBOwzqbEpS0B.:tequieromuxo
$1$S2qibZrf$GQjTeodWZeUhBnsGLxyys1:younes
$1$aFsioq06$.RE2EKQBtYNcphEymcy0v/:batista
$1$.G6jevkc$/ZCP9KuitSJJng4BreGyA0:cachonda
$1$RMajfnXL$cTYzdaxL2zYRuO6Mbj/s8.:joselito
$1$BrujwfbY$BnIs9DF1n3.wTKhPoqv0O.:jesusito
$1$nzwjAbVx$ZXrlrIneiktIvPtZhRU45.:fuckyou
$1$yq/kAOwA$.k8QIZ2h2NdY3ITYHnCDQ.:amigos
$1$86EkB8OD$kV5PCCLIYgXEO8HjjdNwo0:grande
$1$SpNk0t1c$w8kO9JxrJj6m8ueA6jp/a1:zyanya
$1$zSbkB5Sx$wSqYYdJ/hRXDvXx35u4CQ0:666666
$1$aFmk9CVj$8ARDcU1R21gjMApX4aWTG1:sergio
$1$q6sku7oe$4xMIxKqQFWnSRswj5BY8E1:helena
$1$dbtk29Zr$t/2oJ24Dr0XTHU4CGa1mv.:amormio
$1$wUvkkgzH$QrwdaPgnHW2oVvGiFD/Ql0:fabian
$1$ap8l6fg9$WBkBiw6rVHqr5fQ92bJHJ.:yomero
$1$aGQlzrUR$PW6Io/2c1Z9aywczqbYQS.:frecuencia
$1$n4UlAb3c$JYwqnIU6HaCAsfzu3jMRc0:brujita
$1$WkUlz4zk$k.vcElp1kH9c8CnpLw4wj1:555555
$1$IAXleB0O$xFqbAmGxnSWmVHajjW.2L/:camila
$1$Ex.mwI5w$Gkg8Tj7zZOoWLZNgfehlC/:27071969
$1$513maZPU$QvE7wR4uAX1ZSmwAhBcqH0:tentation
$1$/1CmYHEy$z6NI5db/sGn6QjpJrmrrs0:francisco
$1$dlHmWDZ6$HAcIe6fNU8/TRSYpGplCU1:200401
$1$oVImJ1jD$xWssrBERse7JYkwCcdixY/:tesorito
$1$13MmKcRN$.P60sUkXHwX1vimjp37Jj1:tijeras1
$1$xTTm38F0$QpE6QZrrB1RdcBphYNv3j0:xanadu
$1$MEkmoe1N$vigpnKN5UmPMwLBIFbNea0:teamoisrael
$1$ONmm3ywZ$LXe3qAZ0yqYg9UBR8sNBq0:zuriel
$1$Nwsm3tg0$Mo7dhqlN8ke3P1duqZFpg/:america
$1$WB3n5hQb$y8XdUHHDH.H5AEfFBVPwb0:beatles
$1$DY6neUD/$h2rCYsxzwLAJA42cK8an4.:zarita
$1$cY6nd79V$PnyJQzkNyx/617tdgbmjq.:betito
$1$CXiny6Ui$It1oZnctTOsudOsXqnP9n0:fernando
$1$51on1.qQ$7o5fubqjtM97MTEDPy2Tb1:camara
$1$xP5oO1aQ$XGNJ/eNiCh8mi/mDrVhzl/:tita14
$1$w19owtNp$03.8H.mrSU.PtsEMprhwI.:antonio
$1$PxUoFB9a$kxDvBvGRe5v2yob0DS2uX0:adriana
$1$2MXo0BFZ$lX7UewMDDglF7x4O1pjp41:estefania
$1$2ycomHtL$VmYjMlT2j3aMRhpmgMWgI.:beatriz
$1$FGhocISP$RUh650GxuK1B/FO6spuic.:112233
$1$5MxoR2vC$V12UxX.Z6p0BML8ExPBzP0:123123
$1$WE6pdq72$r11Yztbo1hQAhnXAzrnCI.:www.yahoo.com
$1$.K6ptzeF$50BhPF3.TLVhzG2T5a1x.0:woofer
$1$tV6po9nX$HiolCEYvZBbrAuFMR/bE20:sister12
$1$wC8pNnj5$lh9UKn.wZUUftJBBRMzKV.:burocracia
$1$2aBpE53p$YaOfvxGasKicpxsUPVG/l.:teamojorge
$1$MyCpkzhy$koPX54LwirRtc4TErV49x/:ronaldo
$1$0QKpHDd0$/IkR2h0mtM3dKxmfPErte0:mariaisabel
$1$WtkpyF6B$LjahLb1cW21cI50vqxOQq.:unicornio
$1$ipupcgft$Yw9jne01tb3NRwX/sSpV.0:tiburcio
$1$7p1qCz2f$qE6Ly4.qje6VIv0BObHqY.:brandy
$1$lC2q.6IT$q29JVK.eIH7ZZhhg/UGwA0:yadiel
$1$XE3qXo7F$mVdwnjV73A4hFxIDA0wQr.:linkinpark
$1$XF8qL5Ox$I9B0Y.ihgBNFssdqgtTAp/:topacio
$1$euHq8NMC$Jz/pKSA4GaRwhkCkziAYA1:tigreton
$1$oBJq8hO3$zThLad2N1oCNRAMAigHVY1:susana
$1$qxKq.lo3$B9h99xez9wisV3XSQ4515.:yuridia
$1$jLrq6wKL$4QFvvrZ7qSiDtXMdEyiLV.:miguelangel
$1$DWwqRMAk$iHxa.X8mbdWMJZ19uikC31:bichos
$1$08zq1AmQ$uyyrexIPgMviVgAZSovIs/:terapista
$1$5o.rhM1j$GFHd/49EfgtvKKUSKI5aZ1:toreno
$1$WIardVRo$JhAT..1q.mw2UaAPdsFkF/:snowfall
$1$v3cr.sNY$h8pZrLk5vAp4Q7aeM3yTy0:tuareg
$1$Ushrx/5y$bPjzQuTe3IPnZRNyOaMtT/:pulgas
$1$mE.sFiA/$TuN6p2UVGDN.3yXzNeDHg0:santos
$1$gEAsn6Cp$N7f6MsHwHhPgA2Fjzz4q30:yoyoyo
$1$KSEsDKT6$BcuAF56khoBrf2mzf3j2X0:barbara
$1$8vKsfsbW$4BtnPVLY0QVhHQHMNBDLr0:1234
$1$NzLsRRPs$C9DdUb57.PAE4VTSYASut/:berenice
$1$SOTsftXS$aqKm2caQDXJzbe3fBYgdp.:tripleh
$1$5PTsnM9X$KgWsnvIoqRWlV/6ZwgkN4.:abdullah
$1$9bUsmpl0$8XgCFnNbOR8192aekB3sc/:zamorano
$1$BAgsrLep$.y8cST4.bcUVsnypMuL8Y/:tarzan
$1$FpnsrCpQ$amHOi2VqHmuG5gRPMdAZn1:mamaypapa
$1$EzxsUGGh$2VzDqsDu9S2ySVkbaLlQk1:taureau
$1$9MPtUtYO$Qk5QT7d4CW1JIOJNQwUZl1:voltaire
$1$obRtrOle$qYUlEU2DieTyMqydBjaC10:sonrisa
$1$FgSt2kXp$wMcSMvdaTWtPv2fAa4sLr0:tigres
$1$t/Tt9PFk$xTKkRm9khvh3QNrR43oqz/:alberto
$1$rQwthHgj$.6gHJFqJyINSPGIjmeA/61:amores
$1$G52uy/mw$uhp.mjmOf/7DIDwrPvxDp0:paulis
$1$Z99u4PpJ$HvqMZapBeBSadCx9eGvHq1:megatron
$1$xqDuL2.E$PhzQdhSjTjt/JyTt1dZIg.:benjamin
$1$iTGuLkoR$5GLRm151oZGXGy5QdQ/L5.:electronics
$1$9UluRdiC$bELrPCJI45TmAsnldj03O1:tamtam
$1$VEnuFmbu$pqcilBOWUBbuakdhYAm5A.:wowwee
$1$N2ouDAIx$tsfHnQshgwnhIi20m9nU3.:987654321
$1$mIuuuknK$twL45nmXhDLU7RboLVFX1/:teamofelipe
$1$RfzuE.df$RWjv997JpxdS/6R8JITJd/:valentino
$1$FA8vYB2J$CjawxtVKXm6b.H5myGSTF1:marcilla
$1$tkCvyJM8$375lYEYEGrEHdIxzjXXCh.:virtudes
$1$lxLvCObY$0vOCgST/Xs5do2FivUXGw0:mivida
$1$jtMv.rYT$2qa/5Zh/UueX9TSfPaxVV0:tiramisu
$1$q.Yv1DZH$SlCtKbszCxKld.KsDEM3Y.:rafaeltqm
$1$LvavU53x$ypeA4NW.XzTNguBgbnYd7.:tobias
$1$uwcv/uWo$.G4oxRlju2Ky5jJRStoDr1:jirafa
$1$GeovoBhz$ik5HO9przbRVL0h0f1quK0:mariana
$1$Voxvap5N$KJPkAr1OFPHnGzrImJWjl.:papito
$1$Pz/wqcCb$Ir1CW6zcocY4gATFeMw4y1:teamoo
$1$OyMwxv28$IYTYtYL/E6ZAwEj.AIg9t.:mibebe
$1$YLYw13r0$ln.B.OKFB7/83S4XIjRvz0:wendita
$1$IgYwbegS$s1XciwPAIeDMNnL2hIMVD1:esperanza
$1$/rdwkDoI$Eq2RcV1j1zLJdHfxGx7IA/:777777
$1$0wjwCrTS$yKFWbRwYwgrVxY8lVku/t1:teresa
$1$kSvwBTUW$Qeqd7bVmBRctsdLhrLl0F/:elizabeth
$1$/g2xcuED$2txxHETlebHPXyS1cD7dk/:canarias
$1$oIExfMpF$fF8Bbw/lUZuEejB5suH4D.:universitaria
$1$kEGxbHOj$devN4VTbWfYfEk9hanMnD1:222222
$1$hLOxLt.4$KNZNW3NDy551kbc/s0HpO0:acuario
$1$woVxx8fZ$R9dam0YwDzx7ph5yzJfy90:luis123
$1$r3ZxcCVd$f1QMRLMMiLYAJIhlYoMCx.:barcelona
$1$pyyxGiBH$SvEDNxkz4fqiOGgLmC6/g.:perros
$1$158yTTnK$Y5Pcz7XN.Pr0OAwwhT/p40:agustin
$1$8f8yGoX5$VID.TP0CxsOFxMjDxupAh0:yannet
$1$kiDym5M3$3qTw8fmbIcjia07Ppr9sJ0:BETITO
$1$zLEygLLf$mfMfm8qUlZzckee9wxQFm.:veronique
$1$ACPyHwco$2LKmsj6gn3cNr/9FNcH4q/:lucecita
$1$q6QydVYX$BxsqfQlXelz8IE/hUr7rH0:alex123
$1$G.Sy8OCI$nJQG7H2sNA3c35p4Y74.l/:slipknot
$1$Docy7jgB$YPRpM.XRNY8oBwYKp9dE8/:angelica
$1$.0eyXDdj$T/h8jesFA2.QbecMZmuNW1:ariana
$1$kBfyRT/D$F1jf24AsqjbEdO34CFQFE/:teamomama
$1$RjgyT.Mm$ndpyzdRwWgXOVtSrP/XQ./:coyote
$1$BgiyPLmh$FuXU4qyYInIBQ1lcDg8P71:bichote
$1$Epoyu9Bi$FcmDUPa2OQs7Ywp5I3XHc0:35353535
$1$cD2z9FsT$3CKaia6GARzKgUBov4zkZ/:bianca
$1$WnBzFASm$DERMrxj8JNKK77tL1Uso2/:3101984
$1$SBCzLPUy$RaT1L/IVkifX9V1VyVnos.:aurelie
$1$idJzzqSR$Wtu/i/Yg7VD6/ksqHew0i1:paloma
$1$wUyzBtzo$SPm.IdPvz9L76Q.4igH3x1:valeria
$1$Beh2/wnX$1C//kj1Fx672kcDhBR98c0:vanpiro
$1$LLn5Q806$h415fz1jEzVZcOZYBBdrC/:tepasaste
$1$rxZ8Lt/V$k30XFwPCDlJyoZxVJX2i//:tonomono
$1$Q7N945R2$YsGHJ6Ba9FL1D/yeroCZ2/:21080
$1$V2qBUDn2$Pivf3MqgRsYSTQqaOK43P0:zx636r
$1$iw.CCqH.$.0hG5SJoAiYMSz9K.aEv5/:coco58
$1$zxYIJYbP$v4L6JzYO6RlqWNT0ry/0N.:elchavo8
$1$jr5KQ365$UQnPy6XEmY1Z9l9.isNAy1:nataliag
$1$CuaLX3.D$PdcaUhV/RHddfZjX1ZPFk1:yadiel28
$1$pphNqWrA$m6NTa6XFZ6fJd0.Eh/Gj..:440011
$1$lxlcgjdh$y6fdiUgzXP4mLj3soUdmJ.:wadalupe
$1$ETrcZ2HP$jRQehB61hlHFO/QvYkAUp0:ibtihal
$1$FDseCys2$Kzhq0xlkjfbKEq5r6BL1o.:undostres
$1$GAioA.qt$g3Ek9161lW152F48vm9h1.:tariel
$1$tHBrY/LQ$e7fvgQeKPePe1Veg4o7vJ.:yonise
$1$s9bxHha7$mMg3Tnaczf00AXbKhbJH81:vida01
$1$JpN/z/3r$YRzDjRkPUfFUk1k5qWp6d0:vieiras
$1$EIU/hbit$OLPfU/pmXId2064Bdffb3/:tractor82
$1$zoi/9L/i$Y/3vx.7M1DIBQc5vXYboB0:tomasramirez
$1$Jfg0APkW$5B7Ke.Nwh5gy453XsOcif.:tobaris
$1$BU212Gec$roccJd7lJxl3aYbO80DYw0:tontoide
$1$LjV2R48K$Xfxhdok9omiCZZIBlPO58/:volvopenta
$1$LBi3Sz.f$PSMsBjtLl4rS4iaPrb1QB/:vivaespagna
$1$AWv67gd4$HoHA/fmbHM9C/bg2TAdJL.:zelley
$1$XoI8VY58$1lVIAOBKPaGwkKsRLyweY/:zaynt01
$1$BtP8eOZS$yw/j55s1XsEDcJgj.hE4S/:villablino
$1$fPhBYUGT$S8uFi9p.SR1IZ4xzmFW5I1:0
$1$O6DCj5Ta$I/1xvJ.oDUWi3bd43IMM1/:ysrmma
$1$6F0DLB7D$sT6Qhs0PdUzv7k/O4jFSy1:wilmerarmando
$1$1CEDWrRC$W1vnCFc.ss/eYkLlXWY.I0:zarajo
$1$1V4FsROT$dMx9mAYdtxXD51UZ28B7U0:vadillo
$1$i8aHibzP$tYjLCh.xjrCk9udyfVf0P0:zuper4u
$1$VBVIVfMk$vTRlbWHBNfpiXfotKZkLD0:tomkaulitz89
$1$a5ZK5zzP$SJN2V4jhIeq49ZUfQanr9/:txitxarro
$1$rTIMAyUh$ru556LF1gVGlwL23FsXFL/:whitefast
$1$ERHPeDGd$dNNOdJLl2JnycModdJgPs.:23081981
$1$uP2Q5JaT$7swCeuWijG6wyA8BggFdj.:vanss67
$1$oKmR2jZj$AW738pDj3xhCTVF1aQpFx0:yavine
$1$VYCS6sEd$XGDTQsZhXiMA/SVxd5Ktj/:vivi_chago
$1$4j4V1TJs$qMl6z0A0YnBiyuTHy.GGT1:3271996
$1$ZkSdS77U$128pjSzaZWldW/KhmFBZn.:171771
$1$rPwgIZ32$1gaNKGslKK0W4FZKBUhH80:tonalli2120
$1$afxjH.pI$AJKPZW4s0xTy7xAotv/I81:vivamarley
$1$AFolLbbW$pRksg7uMDpWO9vLI.kJlP/:40807
$1$Xn7mCNak$/5dosVXMoeF6dQaWmKgbN0:verdesitachin
$1$5K2pZnsA$hcflnOgXrO0ipuO8cNFat.:yenyere
$1$JXdr3QJY$qKvxl47iK8Z4E.rD/d3vY.:toluca9.
$1$1H.s0qe9$zFLa9HbB.b5P1TPa1Ye1S/:zorro_
$1$AzOsE8DX$XlvLYQRweiU8JPqWZuVDI1:trazom
$1$pBowiSo6$TQVlJJhBF7LBKW/IwqhGh/:undiaenlavida
$1$Y1R47IPr$waznvTPJr8tklEwxG2otH/:sinegra
$1$vUdG7SVw$Eunm.B.bsRwEmJr6j7Q6K.:teibolera
$1$RG5H8NY9$FjCn9Ys.Z0lUBFkHPkxkZ/:teodioteamo
$1$lY1J0ddB$MZV7g/6sDNvegA0ITEgAc1:tere50
$1$Tb8lnx/Z$uydP.FwGdh9hlBjuwYJqW1:tamazunchale
$1$1KlnUPJo$Q84LTmgr3jyz6F4KyuR2y0:tequierooo
$1$Xb6o.6Ao$1ky8/2IKkfdmoNyXet7Zm/:tamrock
$1$YdBu0OZ2$et2ZnBwHcUIEiZXYA1D/M0:teamomil281290
$1$xAow5xsR$bgYqVIgt4268Z5qz7yiSA.:teamovianney
$1$ChZxbnk6$JdeqSkvAXLuf5x.9.pWzq/:teamoleti
$1$kuS/tLY1$poL6Cp9wVI33/kV5wjJ/B0:nanacita
$1$Ij8ueDf8$xVgZ/5waV99/PtlslSa641:rallitas
$1$7Qr.0P0A$FQNn1QCxpdJI/umWCt6.g.:mago03
$1$hgbjhukN$IvVi9XqDHPxnDD6ySmel7/:monisima
$1$3iAu54w9$KPRNuorwWgZJ.WFhjiCxU.:mauroa
$1$Q4gGSdqQ$7OxexHGF..vF0/EHV84oN1:eltitan
$1$EF6Fxb6l$FGszhuwUyNYDwC1bGZi6Y0:djibril1
$1$LRHUe4/X$mMSR7SSJJQ5SkXzWTKdEl.:amiteamo
$1$31UjVFBd$z0XUaj42N2iIifG7CSrzR/:belle1974
$1$sQyrFK3M$fnQYp.RwiDgMczUGw.cch1:alapage
$1$YpsWvrYf$tlo4CiCwO6OfSval/NAlV1:868998
$1$/s21v/sw$nuuEsbo2GPIqEaEWK2RVy0:83poli
$1$GqWGTMLh$TC5Qb31u/YRmjEZHg8KbN0:2741970
$1$5YFXIxQT$mzCqTElYUfRbC/VBZ0SRH1:395647
$1$kFJeb89x$WVxt6pQeglo0IuCkg83nN1:32884850
$1$Asufc6he$K.ZGzpRbvwmaF/F0JVBo00:10021403
$1$l7LaAeXn$spJk3D/bdSa9vpgpWYPy30:0711pp
$1$OsL/Kce3$RWp/vloHzPR1m.eAIGk9X/:uli1234
$1$Bqi1t0Rw$XHbYuQBjFQ3tddrQuifbH.:violacion11
$1$fHA2qKdp$VXL2M2gI/GNyxLxmMVcO3/:soto2112
$1$exU21/7B$Op8MEJNVzLeRiHCM..0uc.:thebestgirls
$1$3af20vpn$2qOsQeKGeK0UP5C.njsf91:verenais
$1$D3w3BZo5$glrr3uWdPkY9EZx4fXZPZ0:drdrdre
$1$sKW3xYRv$jxFlm34fDJFqnGdVlhdSn/:thepratts
$1$oF75kK/t$qzBhLSnWX3YewNy4kkjCZ0:tequierofer4
$1$lcQ6dt0X$1UsS.3Qsk9ycDsozNnxMF0:zubi11
$1$RHF7NRw1$Qt3/SqE2bBvW6kH1Y161a.:tania002
$1$sYW7hWle$tsrIAQ8OsLBJBe0Ui.uvA0:tablitas
$1$Kp29CJ0B$0xo5fyoquEd/NEjKg.cd8/:80981
$1$qJKBFtsZ$I79wWsYmyH1Y4PboSqour.:vir100
$1$G3iC4RGN$XMu0Zz56u8e2x2eCgi3C//:ATILIO
$1$OOpCHu3M$tfdgkzXj8Tr8KW65pOJBW1:yeahs3
$1$1BxDgHuT$Y5lemvE8UtrlYj.y7We3t1:vagabond100
$1$ZC9EnH1c$Aw9ZzkkeYf2esCttsyx9r/:toscano1
$1$.I6KIrje$9GznFIV3otUzdCfEiQFP8.:wilson0111
$1$BkMKjCXy$bJgcOBizsneT9WtCzU0Z0.:thedogi
$1$cQOKUNsp$dM1BEDl34oO5TCOfDYnIw.:taconess
$1$0cAL72JP$yyZyG6iQPOOz2wpXtHiv..:210414
$1$ieRLMqAT$h5HlJb6UylMttnRcv/NLm.:tmftmf
$1$ad6MdFs8$bRg/ErFuLzNYOIhqFazCG/:tazita21
$1$urzNE9mO$oHZcgwFtmWa7ANIKVYlgF0:garotos
$1$9bJOqWnA$Yc5..R3nI6taUq/QKJQXD.:vr6vr6
$1$iAjR.Jt0$xM0CJMJ1cqtD8NvI8YfqH/:winnen7
$1$/HHTVydb$SHTFeke5ZV0RlfBvwWTVn1:CESAR1984
$1$FxJTXr9E$wDx62vID4hPEcKwPr9UtS1:tatouu
$1$YQeTwfEU$1YJtKnAc13NdhJg.k9ZYM.:10866
$1$RLrTkk..$rooJGCgFSrpLmen6I8.OH1:61069
$1$0B2UjhLE$gZIl.P6PTbE9l0YTVd2.J1:zelaia
$1$maQUpE6w$B0BixSCHPBlzu8VdNuie3.:babieka
$1$HoWVogTN$HDrzYG/pRjzNil4Wz0D3Y0:chitoa
$1$ZxXZplIa$YBoa92Ns4IuclXlExCIIs.:tony9000
$1$8nHagDCy$DD5jFYPH8B1mN0wlWEzvB.:yael2211
$1$c4vbkcaB$vmmAPx22YFTHzAVIkuicN0:urana123
$1$5GbeQoGf$RDzeIun3Ezxd2mP5zYmMi0:telfono
$1$I4cjPYmr$9hNujqjLO49TZ1g1OaxA/1:willis1402
$1$FP3kZj.R$x0mqci7q1pueKidHD8tDC.:abejaa
$1$y.6lu5vK$eppLNOv/MRyKXW8AIk7Lk1:tecno100
$1$hkPlWXH6$KGrXjJMfYMGwvKDm2VKT.0:venusb
$1$SR/nRVQa$wp5dDBPV2utBReRXRl/qN0:willy2912
$1$Zx4ol9wF$QzmiWtzgYaPn/YYzfMed.0:31959
$1$e0vqUwiA$Z/qz/nKqTmib1fiqer28Q/:tkfkdgody
$1$oLirrqAH$VGiwGGhE42wcDd5f.OyyB1:tierno01
$1$XhetP3Dj$zLmVx/G5P5qOvvt2hTB4r1:xsw2!QAZ
$1$zXAwWAUH$iLGMauN7gjuA77ZMQG5NZ1:alias37
$1$r4Jx0I/I$R.466K1tI3HRKHpKHoOiB1:vergnes
$1$XbdxfqZp$ZnDgAAdqh3l3KWeiCFomy0:teamoctavio
$1$Dptyh2cU$8WeE/bAkaa6RPoCmYOixd1:KIKITO3
$1$TAh/o9b9$CDXVcm2KOFrYO1Pq6oO/u.:yosaba
$1$ONo/yjFC$imnkMK6PwDtLUKRdhBuvY1:zafaco
$1$0D52Rdit$07zPz6rMRI9acepazCxFn.:zelda3000
$1$DUl305iM$zYopkjic.FG4e1J9/a93n/:428440
$1$BPMGrXmT$rWd0P.o3M2xxOVKt8BzMR.:CALOSS
$1$6arGv7uh$mPv1ABU1x2GCooKbrUhlN1:yuleicy
$1$tcXJvb3F$0wG8t2jrm/J8A2j8UdhEY.:youngplay
$1$.XnMtjyM$2G4LoqCEVtx.0UGb2M.lG.:yuyiyaya
$1$12uWmeeq$DnnizH/Rhr4u8NoC6x/.R/:zalate
$1$kDsXGul9$NSdGN9CHpX6.R3lcyu9RM/:453278
$1$eAkaHc1z$4lHS/j2f7fm5oN2drGRYn.:yanhir
$1$XVimX2iP$iOSzSfP0BNCDmy6Ifz.OV0:beti878
$1$wAMocB8k$HpOaACtBIQCiOdMjyEi3W.:ycelsa
